# vsim -do vsim.do -c -suppress 4029 -novopt pex_tb 
# //  QuestaSim 6.3a Jun 25 2007 Linux 2.4.18-3smp
# //
# //  Copyright 1991-2007 Mentor Graphics Corporation
# //              All Rights Reserved.
# //
# //  THIS WORK CONTAINS TRADE SECRET AND 
# //  PROPRIETARY INFORMATION WHICH IS THE PROPERTY
# //  OF MENTOR GRAPHICS CORPORATION OR ITS LICENSORS
# //  AND IS SUBJECT TO LICENSE TERMS.
# //
# Refreshing /home/anand/pcixp/pcixp_rev1/VlogSim/run/work.pex_tb
# Loading work.pex_tb
# Refreshing /home/anand/pcixp/pcixp_rev1/VlogSim/run/work.PexRc
# Loading work.PexRc
# Refreshing /home/anand/pcixp/pcixp_rev1/VlogSim/run/work.pcixp_rc
# Loading work.pcixp_rc
# Refreshing /home/anand/pcixp/pcixp_rev1/VlogSim/run/work.pcixp_tl
# Loading work.pcixp_tl
# Refreshing /home/anand/pcixp/pcixp_rev1/VlogSim/run/work.tlrx
# Loading work.tlrx
# Refreshing /home/anand/pcixp/pcixp_rev1/VlogSim/run/work.sfMxN
# Loading work.sfMxN
# Refreshing /home/anand/pcixp/pcixp_rev1/VlogSim/run/work.xpmem
# Loading work.xpmem
# Refreshing /home/anand/pcixp/pcixp_rev1/VlogSim/run/work.tltx_arb
# Loading work.tltx_arb
# Refreshing /home/anand/pcixp/pcixp_rev1/VlogSim/run/work.tltx_top
# Loading work.tltx_top
# Refreshing /home/anand/pcixp/pcixp_rev1/VlogSim/run/work.tltx_bridge
# Loading work.tltx_bridge
# Refreshing /home/anand/pcixp/pcixp_rev1/VlogSim/run/work.tltx_router
# Loading work.tltx_router
# Refreshing /home/anand/pcixp/pcixp_rev1/VlogSim/run/work.tltx_tcm
# Loading work.tltx_tcm
# Refreshing /home/anand/pcixp/pcixp_rev1/VlogSim/run/work.tltx_tc
# Loading work.tltx_tc
# Refreshing /home/anand/pcixp/pcixp_rev1/VlogSim/run/work.tltx_vc2tcmap
# Loading work.tltx_vc2tcmap
# Refreshing /home/anand/pcixp/pcixp_rev1/VlogSim/run/work.tltx_fcm
# Loading work.tltx_fcm
# Refreshing /home/anand/pcixp/pcixp_rev1/VlogSim/run/work.tltx_fc
# Loading work.tltx_fc
# Refreshing /home/anand/pcixp/pcixp_rev1/VlogSim/run/work.tltx_assembler
# Loading work.tltx_assembler
# Refreshing /home/anand/pcixp/pcixp_rev1/VlogSim/run/work.lcrc32
# Loading work.lcrc32
# Refreshing /home/anand/pcixp/pcixp_rev1/VlogSim/run/work.pcixp_dll
# Loading work.pcixp_dll
# Refreshing /home/anand/pcixp/pcixp_rev1/VlogSim/run/work.dltx_assembler
# Loading work.dltx_assembler
# Refreshing /home/anand/pcixp/pcixp_rev1/VlogSim/run/work.crc16
# Loading work.crc16
# Refreshing /home/anand/pcixp/pcixp_rev1/VlogSim/run/work.dltx_scheduler
# Loading work.dltx_scheduler
# Refreshing /home/anand/pcixp/pcixp_rev1/VlogSim/run/work.dltx_rty
# Loading work.dltx_rty
# Refreshing /home/anand/pcixp/pcixp_rev1/VlogSim/run/work.dltx_retire
# Loading work.dltx_retire
# Refreshing /home/anand/pcixp/pcixp_rev1/VlogSim/run/work.dltx_tlp
# Loading work.dltx_tlp
# Refreshing /home/anand/pcixp/pcixp_rev1/VlogSim/run/work.dltx_dllp
# Loading work.dltx_dllp
# Refreshing /home/anand/pcixp/pcixp_rev1/VlogSim/run/work.dltx_cntr
# Loading work.dltx_cntr
# Refreshing /home/anand/pcixp/pcixp_rev1/VlogSim/run/work.dlrx_tlp
# Loading work.dlrx_tlp
# Refreshing /home/anand/pcixp/pcixp_rev1/VlogSim/run/work.dlrx_dllp
# Loading work.dlrx_dllp
# Refreshing /home/anand/pcixp/pcixp_rev1/VlogSim/run/work.dlcmsm
# Loading work.dlcmsm
# Refreshing /home/anand/pcixp/pcixp_rev1/VlogSim/run/work.fcinit
# Loading work.fcinit
# Refreshing /home/anand/pcixp/pcixp_rev1/VlogSim/run/work.pcixp_pl
# Loading work.pcixp_pl
# Refreshing /home/anand/pcixp/pcixp_rev1/VlogSim/run/work.pl_ltssm
# Loading work.pl_ltssm
# Refreshing /home/anand/pcixp/pcixp_rev1/VlogSim/run/work.pl_det_ssm
# Loading work.pl_det_ssm
# Refreshing /home/anand/pcixp/pcixp_rev1/VlogSim/run/work.pl_pol_ssm
# Loading work.pl_pol_ssm
# Refreshing /home/anand/pcixp/pcixp_rev1/VlogSim/run/work.pl_l0s_ssm
# Loading work.pl_l0s_ssm
# Refreshing /home/anand/pcixp/pcixp_rev1/VlogSim/run/work.pl_dsb_ssm
# Loading work.pl_dsb_ssm
# Refreshing /home/anand/pcixp/pcixp_rev1/VlogSim/run/work.pl_hrst_ssm
# Loading work.pl_hrst_ssm
# Refreshing /home/anand/pcixp/pcixp_rev1/VlogSim/run/work.pl_cfg_ssm
# Loading work.pl_cfg_ssm
# Refreshing /home/anand/pcixp/pcixp_rev1/VlogSim/run/work.pl_rec_ssm
# Loading work.pl_rec_ssm
# Refreshing /home/anand/pcixp/pcixp_rev1/VlogSim/run/work.pl_framer
# Loading work.pl_framer
# Refreshing /home/anand/pcixp/pcixp_rev1/VlogSim/run/work.pl_scrm
# Loading work.pl_scrm
# Refreshing /home/anand/pcixp/pcixp_rev1/VlogSim/run/work.pl_descrm
# Loading work.pl_descrm
# Refreshing /home/anand/pcixp/pcixp_rev1/VlogSim/run/work.pl_deframer
# Loading work.pl_deframer
# Refreshing /home/anand/pcixp/pcixp_rev1/VlogSim/run/work.pi_cfg
# Loading work.pi_cfg
# Refreshing /home/anand/pcixp/pcixp_rev1/VlogSim/run/work.pi_arbiter
# Loading work.pi_arbiter
# Refreshing /home/anand/pcixp/pcixp_rev1/VlogSim/run/work.pipe8or16
# Loading work.pipe8or16
# Refreshing /home/anand/pcixp/pcixp_rev1/VlogSim/run/work.interface_monitor
# Loading work.interface_monitor
# Refreshing /home/anand/pcixp/pcixp_rev1/VlogSim/run/work.pm_disp
# Loading work.pm_disp
# Refreshing /home/anand/pcixp/pcixp_rev1/VlogSim/run/work.mem_model
# Loading work.mem_model
# Refreshing /home/anand/pcixp/pcixp_rev1/VlogSim/run/work.PexEp
# Loading work.PexEp
# Refreshing /home/anand/pcixp/pcixp_rev1/VlogSim/run/work.pcixp_ep
# Loading work.pcixp_ep
# Refreshing /home/anand/pcixp/pcixp_rev1/VlogSim/run/work.pex_mem_agent
# Loading work.pex_mem_agent
# ** Warning: (vsim-3017) ../../rtl/top/pcixp_dll.v(586): [TFMPC] - Too few port connections. Expected 34, found 33.
#         Region: /pex_tb/PEX_RC/PCIXP_RC/PCIXP_DLL/u_DLTX_CNTR
# ** Warning: (vsim-3017) ../../rtl/top/pcixp_dll.v(586): [TFMPC] - Too few port connections. Expected 34, found 33.
#         Region: /pex_tb/PEX_EP_0/PCIXP_EP/PCIXP_DLL/u_DLTX_CNTR
# do vsim.do 
# resume
#  
# 
#  Time = @[60452] The value of din at Address = 5800  of reg_set ( EP -> RC ) = 00000000 
#  
# 
#  Time = @[60876] The value of din at Address = 5800  of reg_set ( RC -> EP ) = 00000000 
# 
# 
# 
# 
# 
# 
# 		 PACKETS GOING FROM EP TO RC 
#  
# 
# 
# 
[60876] Preparing the 32 bit MEM Packet Header hdw0: 00000001  hdw1: 0100000f hdw2: 97865000 
# 
[60988] EP  Initializing ep_tx_pkt_len_array single index 0 => hlen 3 dlen 0 hlen+dlen 3
[60996] Preparing the CPL  Packet Header hdw0: 4a000001 hdw1: 00000004 hdw2: 01000000 
# 
[60996] Preparing the 64 bit MEM Packet Header hdw0: 20000001 hdw1: 0100000f hdw2: abcd1234 hdw3: 56780000 
[61100] EP  Initializing ep_tx_pkt_len_array single index 1 => hlen 4 dlen 0 hlen+dlen 4
[61108] Preparing the CPL  Packet Header hdw0: 4a000001 hdw1: 00000004 hdw2: 01000000 
# 
[61108] Preparing the 64 bit MEM Packet Header hdw0: 21000001 hdw1: 0100000f hdw2: abcd1234 hdw3: 56780000 
[61212] EP  Initializing ep_tx_pkt_len_array single index 2 => hlen 4 dlen 0 hlen+dlen 4
[61220] Preparing the CPL  Packet Header hdw0: 4b000001 hdw1: 00000004 hdw2: 01000000 
# 
[61220] Preparing the 32 bit MEM Packet Header hdw0: 01000001  hdw1: 0100000f hdw2: 97865000 
# 
[61316] EP  Initializing ep_tx_pkt_len_array single index 3 => hlen 3 dlen 0 hlen+dlen 3
[61324] Preparing the CPL  Packet Header hdw0: 4b000001 hdw1: 00000004 hdw2: 01000000 
# 
[61324] Preparing the 32 bit MEM Packet Header hdw0: 40000001  hdw1: 0100000f hdw2: 97865000 
# 
[61428] EP  Initializing ep_tx_pkt_len_array single index 4 => hlen 3 dlen 1 hlen+dlen 4
# 61733: pex_tb.PEX_RC.rc_rx_cmd_mem MemWr 0x00000001 @Addr = 0x000
# 61741: pex_tb.PEX_RC.rc_rx_cmd_mem MemWr 0x0100000f @Addr = 0x001
# 61749: pex_tb.PEX_RC.rc_rx_cmd_mem MemWr 0x97865000 @Addr = 0x002
[61752] INFO:  EP -> RC Packet 0 Data Compare Start! RC MEM SADR : 00000000 RC PKTLEN 00000003 
# 
# PKT_DIFF (RC) : HdrLen = 4
# PKT_DIFF (RC) : Hdr[0] => Rx = 00000001, Exp = 00000001
# PKT_DIFF (RC) : Hdr[1] => Rx = 0100000f, Exp = 0100000f
# PKT_DIFF (RC) : Hdr[2] => Rx = 97865000, Exp = 97865000
# PKT_DIFF (RC) : Header Matched
# PKT_DIFF (RC) : PktLen => Rx = 3, Tx = 3
[61752] EP -> RC Packet 00000000 Data Compare passed! 
# 
# PKT_DIFF (RC) : Matched = 1, Passed = 1
# 62669: pex_tb.PEX_RC.rc_rx_cmd_mem MemWr 0x40000001 @Addr = 0x003
# 62677: pex_tb.PEX_RC.rc_rx_cmd_mem MemWr 0x0100000f @Addr = 0x004
# 62685: pex_tb.PEX_RC.rc_rx_cmd_mem MemWr 0x97865000 @Addr = 0x005
# 62693: pex_tb.PEX_RC.rc_rx_cmd_mem MemWr 0x3cc1f579 @Addr = 0x006
[62696] INFO:  EP -> RC Packet 1 Data Compare Start! RC MEM SADR : 00000003 RC PKTLEN 00000004 
# 
# PKT_DIFF (RC) : HdrLen = 4
# PKT_DIFF (RC) : Hdr[0] => Rx = 40000001, Exp = 20000001
# PKT_DIFF (RC) :                   ^^^^^^^^^^^^
# PKT_DIFF (RC) : Hdr[1] => Rx = 0100000f, Exp = 0100000f
# PKT_DIFF (RC) : Hdr[2] => Rx = 97865000, Exp = abcd1234
# PKT_DIFF (RC) :                   ^^^^^^^^^^^^
# PKT_DIFF (RC) : Matched = 0, Passed = 1
# PKT_DIFF (RC) : HdrLen = 4
# PKT_DIFF (RC) : Hdr[0] => Rx = 40000001, Exp = 21000001
# PKT_DIFF (RC) :                   ^^^^^^^^^^^^
# PKT_DIFF (RC) : Hdr[1] => Rx = 0100000f, Exp = 0100000f
# PKT_DIFF (RC) : Hdr[2] => Rx = 97865000, Exp = abcd1234
# PKT_DIFF (RC) :                   ^^^^^^^^^^^^
# PKT_DIFF (RC) : Matched = 0, Passed = 1
# PKT_DIFF (RC) : HdrLen = 4
# PKT_DIFF (RC) : Hdr[0] => Rx = 40000001, Exp = 01000001
# PKT_DIFF (RC) :                   ^^^^^^^^^^^^
# PKT_DIFF (RC) : Hdr[1] => Rx = 0100000f, Exp = 0100000f
# PKT_DIFF (RC) : Hdr[2] => Rx = 97865000, Exp = 97865000
# PKT_DIFF (RC) : Matched = 0, Passed = 1
# PKT_DIFF (RC) : HdrLen = 4
# PKT_DIFF (RC) : Hdr[0] => Rx = 40000001, Exp = 40000001
# PKT_DIFF (RC) : Hdr[1] => Rx = 0100000f, Exp = 0100000f
# PKT_DIFF (RC) : Hdr[2] => Rx = 97865000, Exp = 97865000
# PKT_DIFF (RC) : Header Matched
# PKT_DIFF (RC) : PktLen => Rx = 4, Tx = 4
[62696] EP -> RC Packet 00000001 Data Compare passed! 
# 
# PKT_DIFF (RC) : Matched = 1, Passed = 1
# 63581: pex_tb.PEX_RC.rc_rx_cmd_mem MemWr 0x20000001 @Addr = 0x007
# 63589: pex_tb.PEX_RC.rc_rx_cmd_mem MemWr 0x0100000f @Addr = 0x008
# 63597: pex_tb.PEX_RC.rc_rx_cmd_mem MemWr 0xabcd1234 @Addr = 0x009
# 63605: pex_tb.PEX_RC.rc_rx_cmd_mem MemWr 0x56780000 @Addr = 0x00a
[63608] INFO:  EP -> RC Packet 2 Data Compare Start! RC MEM SADR : 00000007 RC PKTLEN 00000004 
# 
# PKT_DIFF (RC) : HdrLen = 3
# PKT_DIFF (RC) : Hdr[0] => Rx = 20000001, Exp = 20000001
# PKT_DIFF (RC) : Hdr[1] => Rx = 0100000f, Exp = 0100000f
# PKT_DIFF (RC) : Header Matched
# PKT_DIFF (RC) : PktLen => Rx = 4, Tx = 4
[63608] EP -> RC Packet 00000002 Data Compare passed! 
# 
# PKT_DIFF (RC) : Matched = 1, Passed = 1
# 64485: pex_tb.PEX_RC.rc_rx_cmd_mem MemWr 0x21000001 @Addr = 0x00b
# 64493: pex_tb.PEX_RC.rc_rx_cmd_mem MemWr 0x0100000f @Addr = 0x00c
# 64501: pex_tb.PEX_RC.rc_rx_cmd_mem MemWr 0xabcd1234 @Addr = 0x00d
# 64509: pex_tb.PEX_RC.rc_rx_cmd_mem MemWr 0x56780000 @Addr = 0x00e
[64512] INFO:  EP -> RC Packet 3 Data Compare Start! RC MEM SADR : 0000000b RC PKTLEN 00000004 
# 
# PKT_DIFF (RC) : HdrLen = 3
# PKT_DIFF (RC) : Hdr[0] => Rx = 21000001, Exp = 21000001
# PKT_DIFF (RC) : Hdr[1] => Rx = 0100000f, Exp = 0100000f
# PKT_DIFF (RC) : Header Matched
# PKT_DIFF (RC) : PktLen => Rx = 4, Tx = 4
[64512] EP -> RC Packet 00000003 Data Compare passed! 
# 
# PKT_DIFF (RC) : Matched = 1, Passed = 1
[65436] Preparing the 32 bit MEM Packet Header hdw0: 40000014  hdw1: 010000ff hdw2: 12345020 
# 
[65436] Loading EP TX MEM at addr 00000015 Data 729f1fe5 
# 
[65436] Loading EP TX MEM at addr 00000016 Data faaf96f5 
# 
[65436] Loading EP TX MEM at addr 00000017 Data 3dec177b 
# 
[65436] Loading EP TX MEM at addr 00000018 Data a8123a50 
# 
[65436] Loading EP TX MEM at addr 00000019 Data bcb15879 
# 
[65436] Loading EP TX MEM at addr 0000001a Data 727945e4 
# 
[65436] Loading EP TX MEM at addr 0000001b Data 164f132c 
# 
[65436] Loading EP TX MEM at addr 0000001c Data f1b8a2e3 
# 
[65436] Loading EP TX MEM at addr 0000001d Data 92258c24 
# 
[65436] Loading EP TX MEM at addr 0000001e Data 7b26b1f6 
# 
[65436] Loading EP TX MEM at addr 0000001f Data 44818d89 
# 
[65436] Loading EP TX MEM at addr 00000020 Data fbc516f7 
# 
[65436] Loading EP TX MEM at addr 00000021 Data b4b7b669 
# 
[65436] Loading EP TX MEM at addr 00000022 Data c00ca880 
# 
[65436] Loading EP TX MEM at addr 00000023 Data 15c6e52b 
# 
[65436] Loading EP TX MEM at addr 00000024 Data 6cd445d9 
# 
[65436] Loading EP TX MEM at addr 00000025 Data 30999361 
# 
[65436] Loading EP TX MEM at addr 00000026 Data 478ab78f 
# 
[65436] Loading EP TX MEM at addr 00000027 Data 0abe3315 
# 
[65436] Loading EP TX MEM at addr 00000028 Data 74bb97e9 
# 
[65684] EP  Initializing ep_tx_pkt_len_array burst index 5 => hlen 3 dlen 14 hlen+dlen 17
[65684] EP  BURST DATA 729f1fe5 at ADDR 00000015  sep_or_data+i 00000015
[65684] EP  BURST DATA faaf96f5 at ADDR 00000016  sep_or_data+i 00000016
[65684] EP  BURST DATA 3dec177b at ADDR 00000017  sep_or_data+i 00000017
[65684] EP  BURST DATA a8123a50 at ADDR 00000018  sep_or_data+i 00000018
[65684] EP  BURST DATA bcb15879 at ADDR 00000019  sep_or_data+i 00000019
[65684] EP  BURST DATA 727945e4 at ADDR 0000001a  sep_or_data+i 0000001a
[65684] EP  BURST DATA 164f132c at ADDR 0000001b  sep_or_data+i 0000001b
[65684] EP  BURST DATA f1b8a2e3 at ADDR 0000001c  sep_or_data+i 0000001c
[65684] EP  BURST DATA 92258c24 at ADDR 0000001d  sep_or_data+i 0000001d
[65684] EP  BURST DATA 7b26b1f6 at ADDR 0000001e  sep_or_data+i 0000001e
[65684] EP  BURST DATA 44818d89 at ADDR 0000001f  sep_or_data+i 0000001f
[65684] EP  BURST DATA fbc516f7 at ADDR 00000020  sep_or_data+i 00000020
[65684] EP  BURST DATA b4b7b669 at ADDR 00000021  sep_or_data+i 00000021
[65684] EP  BURST DATA c00ca880 at ADDR 00000022  sep_or_data+i 00000022
[65684] EP  BURST DATA 15c6e52b at ADDR 00000023  sep_or_data+i 00000023
[65684] EP  BURST DATA 6cd445d9 at ADDR 00000024  sep_or_data+i 00000024
[65684] EP  BURST DATA 30999361 at ADDR 00000025  sep_or_data+i 00000025
[65684] EP  BURST DATA 478ab78f at ADDR 00000026  sep_or_data+i 00000026
[65684] EP  BURST DATA 0abe3315 at ADDR 00000027  sep_or_data+i 00000027
[65684] EP  BURST DATA 74bb97e9 at ADDR 00000028  sep_or_data+i 00000028
# 67749: pex_tb.PEX_RC.rc_rx_cmd_mem MemWr 0x01000001 @Addr = 0x00f
# 67757: pex_tb.PEX_RC.rc_rx_cmd_mem MemWr 0x0100000f @Addr = 0x010
# 67765: pex_tb.PEX_RC.rc_rx_cmd_mem MemWr 0x97865000 @Addr = 0x011
[67768] INFO:  EP -> RC Packet 4 Data Compare Start! RC MEM SADR : 0000000f RC PKTLEN 00000003 
# 
# PKT_DIFF (RC) : HdrLen = 4
# PKT_DIFF (RC) : Hdr[0] => Rx = 01000001, Exp = 01000001
# PKT_DIFF (RC) : Hdr[1] => Rx = 0100000f, Exp = 0100000f
# PKT_DIFF (RC) : Hdr[2] => Rx = 97865000, Exp = 97865000
# PKT_DIFF (RC) : Header Matched
# PKT_DIFF (RC) : PktLen => Rx = 3, Tx = 3
[67768] EP -> RC Packet 00000004 Data Compare passed! 
# 
# PKT_DIFF (RC) : Matched = 1, Passed = 1
# 68565: pex_tb.PEX_RC.rc_rx_cmd_mem MemWr 0x40000014 @Addr = 0x012
# 68573: pex_tb.PEX_RC.rc_rx_cmd_mem MemWr 0x010000ff @Addr = 0x013
# 68581: pex_tb.PEX_RC.rc_rx_cmd_mem MemWr 0x12345020 @Addr = 0x014
# 68589: pex_tb.PEX_RC.rc_rx_cmd_mem MemWr 0x729f1fe5 @Addr = 0x015
# 68597: pex_tb.PEX_RC.rc_rx_cmd_mem MemWr 0xfaaf96f5 @Addr = 0x016
# 68605: pex_tb.PEX_RC.rc_rx_cmd_mem MemWr 0x3dec177b @Addr = 0x017
# 68613: pex_tb.PEX_RC.rc_rx_cmd_mem MemWr 0xa8123a50 @Addr = 0x018
# 68621: pex_tb.PEX_RC.rc_rx_cmd_mem MemWr 0xbcb15879 @Addr = 0x019
# 68629: pex_tb.PEX_RC.rc_rx_cmd_mem MemWr 0x727945e4 @Addr = 0x01a
# 68637: pex_tb.PEX_RC.rc_rx_cmd_mem MemWr 0x164f132c @Addr = 0x01b
# 68645: pex_tb.PEX_RC.rc_rx_cmd_mem MemWr 0xf1b8a2e3 @Addr = 0x01c
# 68653: pex_tb.PEX_RC.rc_rx_cmd_mem MemWr 0x92258c24 @Addr = 0x01d
# 68661: pex_tb.PEX_RC.rc_rx_cmd_mem MemWr 0x7b26b1f6 @Addr = 0x01e
# 68669: pex_tb.PEX_RC.rc_rx_cmd_mem MemWr 0x44818d89 @Addr = 0x01f
# 68677: pex_tb.PEX_RC.rc_rx_cmd_mem MemWr 0xfbc516f7 @Addr = 0x020
# 68685: pex_tb.PEX_RC.rc_rx_cmd_mem MemWr 0xb4b7b669 @Addr = 0x021
# 68693: pex_tb.PEX_RC.rc_rx_cmd_mem MemWr 0xc00ca880 @Addr = 0x022
# 68701: pex_tb.PEX_RC.rc_rx_cmd_mem MemWr 0x15c6e52b @Addr = 0x023
# 68709: pex_tb.PEX_RC.rc_rx_cmd_mem MemWr 0x6cd445d9 @Addr = 0x024
# 68717: pex_tb.PEX_RC.rc_rx_cmd_mem MemWr 0x30999361 @Addr = 0x025
# 68725: pex_tb.PEX_RC.rc_rx_cmd_mem MemWr 0x478ab78f @Addr = 0x026
# 68733: pex_tb.PEX_RC.rc_rx_cmd_mem MemWr 0x0abe3315 @Addr = 0x027
# 68741: pex_tb.PEX_RC.rc_rx_cmd_mem MemWr 0x74bb97e9 @Addr = 0x028
[68744] INFO:  EP -> RC Packet 5 Data Compare Start! RC MEM SADR : 00000012 RC PKTLEN 00000017 
# 
# PKT_DIFF (RC) : HdrLen = 4
# PKT_DIFF (RC) : Hdr[0] => Rx = 40000014, Exp = 40000014
# PKT_DIFF (RC) : Hdr[1] => Rx = 010000ff, Exp = 010000ff
# PKT_DIFF (RC) : Hdr[2] => Rx = 12345020, Exp = 12345020
# PKT_DIFF (RC) : Header Matched
# PKT_DIFF (RC) : PktLen => Rx = 23, Tx = 23
# PKT_DIFF (RC) : Payload[4] => Rx = faaf96f5, Tx = faaf96f5
# PKT_DIFF (RC) : Payload[5] => Rx = 3dec177b, Tx = 3dec177b
# PKT_DIFF (RC) : Payload[6] => Rx = a8123a50, Tx = a8123a50
# PKT_DIFF (RC) : Payload[7] => Rx = bcb15879, Tx = bcb15879
# PKT_DIFF (RC) : Payload[8] => Rx = 727945e4, Tx = 727945e4
# PKT_DIFF (RC) : Payload[9] => Rx = 164f132c, Tx = 164f132c
# PKT_DIFF (RC) : Payload[10] => Rx = f1b8a2e3, Tx = f1b8a2e3
# PKT_DIFF (RC) : Payload[11] => Rx = 92258c24, Tx = 92258c24
# PKT_DIFF (RC) : Payload[12] => Rx = 7b26b1f6, Tx = 7b26b1f6
# PKT_DIFF (RC) : Payload[13] => Rx = 44818d89, Tx = 44818d89
# PKT_DIFF (RC) : Payload[14] => Rx = fbc516f7, Tx = fbc516f7
# PKT_DIFF (RC) : Payload[15] => Rx = b4b7b669, Tx = b4b7b669
# PKT_DIFF (RC) : Payload[16] => Rx = c00ca880, Tx = c00ca880
# PKT_DIFF (RC) : Payload[17] => Rx = 15c6e52b, Tx = 15c6e52b
# PKT_DIFF (RC) : Payload[18] => Rx = 6cd445d9, Tx = 6cd445d9
# PKT_DIFF (RC) : Payload[19] => Rx = 30999361, Tx = 30999361
# PKT_DIFF (RC) : Payload[20] => Rx = 478ab78f, Tx = 478ab78f
# PKT_DIFF (RC) : Payload[21] => Rx = 0abe3315, Tx = 0abe3315
[68744] EP -> RC Packet 00000005 Data Compare passed! 
# 
# PKT_DIFF (RC) : Matched = 1, Passed = 1
[69692] Preparing the 32 bit MEM Packet Header hdw0: 00000014  hdw1: 010000ff hdw2: 12345020 
# 
[69780] EP  Initializing ep_tx_pkt_len_array single index 6 => hlen 3 dlen 0 hlen+dlen 3
[69788] Preparing the CPL  Packet Header hdw0: 4a000014 hdw1: 00000050 hdw2: 01000000 
# 
# 70621: pex_tb.PEX_RC.rc_rx_cmd_mem MemWr 0x00000014 @Addr = 0x029
# 70629: pex_tb.PEX_RC.rc_rx_cmd_mem MemWr 0x010000ff @Addr = 0x02a
# 70637: pex_tb.PEX_RC.rc_rx_cmd_mem MemWr 0x12345020 @Addr = 0x02b
[70640] INFO:  EP -> RC Packet 6 Data Compare Start! RC MEM SADR : 00000029 RC PKTLEN 00000003 
# 
# PKT_DIFF (RC) : HdrLen = 4
# PKT_DIFF (RC) : Hdr[0] => Rx = 00000014, Exp = 00000014
# PKT_DIFF (RC) : Hdr[1] => Rx = 010000ff, Exp = 010000ff
# PKT_DIFF (RC) : Hdr[2] => Rx = 12345020, Exp = 12345020
# PKT_DIFF (RC) : Header Matched
# PKT_DIFF (RC) : PktLen => Rx = 3, Tx = 3
[70640] EP -> RC Packet 00000006 Data Compare passed! 
# 
# PKT_DIFF (RC) : Matched = 1, Passed = 1
[73788] Preparing the 64 bit MEM Packet Header hdw0: 60000014 hdw1: 010000ff hdw2: abcd1234 hdw3: 56780000 
[73788] Loading EP TX MEM at addr 00000030 Data 962e9a2c 
# 
[73788] Loading EP TX MEM at addr 00000031 Data 3a972975 
# 
[73788] Loading EP TX MEM at addr 00000032 Data be7e567c 
# 
[73788] Loading EP TX MEM at addr 00000033 Data 49f53b93 
# 
[73788] Loading EP TX MEM at addr 00000034 Data e5880ecb 
# 
[73788] Loading EP TX MEM at addr 00000035 Data c30b0886 
# 
[73788] Loading EP TX MEM at addr 00000036 Data c571e88a 
# 
[73788] Loading EP TX MEM at addr 00000037 Data cbcc1897 
# 
[73788] Loading EP TX MEM at addr 00000038 Data a7a0e64f 
# 
[73788] Loading EP TX MEM at addr 00000039 Data 4cae2399 
# 
[73788] Loading EP TX MEM at addr 0000003a Data 5ff347bf 
# 
[73788] Loading EP TX MEM at addr 0000003b Data 7547e3ea 
# 
[73788] Loading EP TX MEM at addr 0000003c Data 7159e1e2 
# 
[73788] Loading EP TX MEM at addr 0000003d Data 3503056a 
# 
[73788] Loading EP TX MEM at addr 0000003e Data 9ca88c39 
# 
[73788] Loading EP TX MEM at addr 0000003f Data 8cd8fe19 
# 
[73788] Loading EP TX MEM at addr 00000040 Data cc357898 
# 
[73788] Loading EP TX MEM at addr 00000041 Data b5d2f86b 
# 
[73788] Loading EP TX MEM at addr 00000042 Data 469f978d 
# 
[73788] Loading EP TX MEM at addr 00000043 Data 3cc49d79 
# 
[74044] EP  Initializing ep_tx_pkt_len_array burst index 7 => hlen 4 dlen 14 hlen+dlen 18
[74044] EP  BURST DATA 962e9a2c at ADDR 00000030  sep_or_data+i 00000030
[74044] EP  BURST DATA 3a972975 at ADDR 00000031  sep_or_data+i 00000031
[74044] EP  BURST DATA be7e567c at ADDR 00000032  sep_or_data+i 00000032
[74044] EP  BURST DATA 49f53b93 at ADDR 00000033  sep_or_data+i 00000033
[74044] EP  BURST DATA e5880ecb at ADDR 00000034  sep_or_data+i 00000034
[74044] EP  BURST DATA c30b0886 at ADDR 00000035  sep_or_data+i 00000035
[74044] EP  BURST DATA c571e88a at ADDR 00000036  sep_or_data+i 00000036
[74044] EP  BURST DATA cbcc1897 at ADDR 00000037  sep_or_data+i 00000037
[74044] EP  BURST DATA a7a0e64f at ADDR 00000038  sep_or_data+i 00000038
[74044] EP  BURST DATA 4cae2399 at ADDR 00000039  sep_or_data+i 00000039
[74044] EP  BURST DATA 5ff347bf at ADDR 0000003a  sep_or_data+i 0000003a
[74044] EP  BURST DATA 7547e3ea at ADDR 0000003b  sep_or_data+i 0000003b
[74044] EP  BURST DATA 7159e1e2 at ADDR 0000003c  sep_or_data+i 0000003c
[74044] EP  BURST DATA 3503056a at ADDR 0000003d  sep_or_data+i 0000003d
[74044] EP  BURST DATA 9ca88c39 at ADDR 0000003e  sep_or_data+i 0000003e
[74044] EP  BURST DATA 8cd8fe19 at ADDR 0000003f  sep_or_data+i 0000003f
[74044] EP  BURST DATA cc357898 at ADDR 00000040  sep_or_data+i 00000040
[74044] EP  BURST DATA b5d2f86b at ADDR 00000041  sep_or_data+i 00000041
[74044] EP  BURST DATA 469f978d at ADDR 00000042  sep_or_data+i 00000042
[74044] EP  BURST DATA 3cc49d79 at ADDR 00000043  sep_or_data+i 00000043
# 75693: pex_tb.PEX_RC.rc_rx_cmd_mem MemWr 0x60000014 @Addr = 0x02c
# 75701: pex_tb.PEX_RC.rc_rx_cmd_mem MemWr 0x010000ff @Addr = 0x02d
# 75709: pex_tb.PEX_RC.rc_rx_cmd_mem MemWr 0xabcd1234 @Addr = 0x02e
# 75717: pex_tb.PEX_RC.rc_rx_cmd_mem MemWr 0x56780000 @Addr = 0x02f
# 75725: pex_tb.PEX_RC.rc_rx_cmd_mem MemWr 0x962e9a2c @Addr = 0x030
# 75733: pex_tb.PEX_RC.rc_rx_cmd_mem MemWr 0x3a972975 @Addr = 0x031
# 75741: pex_tb.PEX_RC.rc_rx_cmd_mem MemWr 0xbe7e567c @Addr = 0x032
# 75749: pex_tb.PEX_RC.rc_rx_cmd_mem MemWr 0x49f53b93 @Addr = 0x033
# 75757: pex_tb.PEX_RC.rc_rx_cmd_mem MemWr 0xe5880ecb @Addr = 0x034
# 75765: pex_tb.PEX_RC.rc_rx_cmd_mem MemWr 0xc30b0886 @Addr = 0x035
# 75773: pex_tb.PEX_RC.rc_rx_cmd_mem MemWr 0xc571e88a @Addr = 0x036
# 75781: pex_tb.PEX_RC.rc_rx_cmd_mem MemWr 0xcbcc1897 @Addr = 0x037
# 75789: pex_tb.PEX_RC.rc_rx_cmd_mem MemWr 0xa7a0e64f @Addr = 0x038
# 75797: pex_tb.PEX_RC.rc_rx_cmd_mem MemWr 0x4cae2399 @Addr = 0x039
# 75805: pex_tb.PEX_RC.rc_rx_cmd_mem MemWr 0x5ff347bf @Addr = 0x03a
# 75813: pex_tb.PEX_RC.rc_rx_cmd_mem MemWr 0x7547e3ea @Addr = 0x03b
# 75821: pex_tb.PEX_RC.rc_rx_cmd_mem MemWr 0x7159e1e2 @Addr = 0x03c
# 75829: pex_tb.PEX_RC.rc_rx_cmd_mem MemWr 0x3503056a @Addr = 0x03d
# 75837: pex_tb.PEX_RC.rc_rx_cmd_mem MemWr 0x9ca88c39 @Addr = 0x03e
# 75845: pex_tb.PEX_RC.rc_rx_cmd_mem MemWr 0x8cd8fe19 @Addr = 0x03f
# 75853: pex_tb.PEX_RC.rc_rx_cmd_mem MemWr 0xcc357898 @Addr = 0x040
# 75861: pex_tb.PEX_RC.rc_rx_cmd_mem MemWr 0xb5d2f86b @Addr = 0x041
# 75869: pex_tb.PEX_RC.rc_rx_cmd_mem MemWr 0x469f978d @Addr = 0x042
# 75877: pex_tb.PEX_RC.rc_rx_cmd_mem MemWr 0x3cc49d79 @Addr = 0x043
[75880] INFO:  EP -> RC Packet 7 Data Compare Start! RC MEM SADR : 0000002c RC PKTLEN 00000018 
# 
# PKT_DIFF (RC) : HdrLen = 3
# PKT_DIFF (RC) : Hdr[0] => Rx = 60000014, Exp = 60000014
# PKT_DIFF (RC) : Hdr[1] => Rx = 010000ff, Exp = 010000ff
# PKT_DIFF (RC) : Header Matched
# PKT_DIFF (RC) : PktLen => Rx = 24, Tx = 24
# PKT_DIFF (RC) : Payload[3] => Rx = 56780000, Tx = 56780000
# PKT_DIFF (RC) : Payload[4] => Rx = 962e9a2c, Tx = 962e9a2c
# PKT_DIFF (RC) : Payload[5] => Rx = 3a972975, Tx = 3a972975
# PKT_DIFF (RC) : Payload[6] => Rx = be7e567c, Tx = be7e567c
# PKT_DIFF (RC) : Payload[7] => Rx = 49f53b93, Tx = 49f53b93
# PKT_DIFF (RC) : Payload[8] => Rx = e5880ecb, Tx = e5880ecb
# PKT_DIFF (RC) : Payload[9] => Rx = c30b0886, Tx = c30b0886
# PKT_DIFF (RC) : Payload[10] => Rx = c571e88a, Tx = c571e88a
# PKT_DIFF (RC) : Payload[11] => Rx = cbcc1897, Tx = cbcc1897
# PKT_DIFF (RC) : Payload[12] => Rx = a7a0e64f, Tx = a7a0e64f
# PKT_DIFF (RC) : Payload[13] => Rx = 4cae2399, Tx = 4cae2399
# PKT_DIFF (RC) : Payload[14] => Rx = 5ff347bf, Tx = 5ff347bf
# PKT_DIFF (RC) : Payload[15] => Rx = 7547e3ea, Tx = 7547e3ea
# PKT_DIFF (RC) : Payload[16] => Rx = 7159e1e2, Tx = 7159e1e2
# PKT_DIFF (RC) : Payload[17] => Rx = 3503056a, Tx = 3503056a
# PKT_DIFF (RC) : Payload[18] => Rx = 9ca88c39, Tx = 9ca88c39
# PKT_DIFF (RC) : Payload[19] => Rx = 8cd8fe19, Tx = 8cd8fe19
# PKT_DIFF (RC) : Payload[20] => Rx = cc357898, Tx = cc357898
# PKT_DIFF (RC) : Payload[21] => Rx = b5d2f86b, Tx = b5d2f86b
# PKT_DIFF (RC) : Payload[22] => Rx = 469f978d, Tx = 469f978d
[75880] EP -> RC Packet 00000007 Data Compare passed! 
# 
# PKT_DIFF (RC) : Matched = 1, Passed = 1
[78052] Preparing the 64 bit MEM Packet Header hdw0: 20000014 hdw1: 010000ff hdw2: abcd1234 hdw3: 56780000 
[78148] EP  Initializing ep_tx_pkt_len_array single index 8 => hlen 4 dlen 0 hlen+dlen 4
[78156] Preparing the CPL  Packet Header hdw0: 4a000014 hdw1: 00000050 hdw2: 01000000 
# 
[78956] Preparing the 64 bit MEM Packet Header hdw0: 60000001 hdw1: 010000ff hdw2: abcd1234 hdw3: 56780000 
[79060] EP  Initializing ep_tx_pkt_len_array single index 9 => hlen 4 dlen 1 hlen+dlen 5
# 
# 
# 
# 
# 
# 
# 
[79868] Preparing the IO Packet Header hdw0: 42000001 hdw1: 0100000f hdw2: abcdef10 
# 
# 79909: pex_tb.PEX_RC.rc_rx_cmd_mem MemWr 0x20000014 @Addr = 0x044
# 79917: pex_tb.PEX_RC.rc_rx_cmd_mem MemWr 0x010000ff @Addr = 0x045
# 79925: pex_tb.PEX_RC.rc_rx_cmd_mem MemWr 0xabcd1234 @Addr = 0x046
# 79933: pex_tb.PEX_RC.rc_rx_cmd_mem MemWr 0x56780000 @Addr = 0x047
[79936] INFO:  EP -> RC Packet 8 Data Compare Start! RC MEM SADR : 00000044 RC PKTLEN 00000004 
# 
# PKT_DIFF (RC) : HdrLen = 3
# PKT_DIFF (RC) : Hdr[0] => Rx = 20000014, Exp = 20000014
# PKT_DIFF (RC) : Hdr[1] => Rx = 010000ff, Exp = 010000ff
# PKT_DIFF (RC) : Header Matched
# PKT_DIFF (RC) : PktLen => Rx = 4, Tx = 4
[79936] EP -> RC Packet 00000008 Data Compare passed! 
# 
# PKT_DIFF (RC) : Matched = 1, Passed = 1
[79964] EP  Initializing ep_tx_pkt_len_array single index a => hlen 3 dlen 1 hlen+dlen 4
# 80229: pex_tb.PEX_RC.rc_rx_cmd_mem MemWr 0x60000001 @Addr = 0x048
# 80237: pex_tb.PEX_RC.rc_rx_cmd_mem MemWr 0x010000ff @Addr = 0x049
# 80245: pex_tb.PEX_RC.rc_rx_cmd_mem MemWr 0xabcd1234 @Addr = 0x04a
# 80253: pex_tb.PEX_RC.rc_rx_cmd_mem MemWr 0x56780000 @Addr = 0x04b
# 80261: pex_tb.PEX_RC.rc_rx_cmd_mem MemWr 0x40d3eb81 @Addr = 0x04c
[80264] INFO:  EP -> RC Packet 9 Data Compare Start! RC MEM SADR : 00000048 RC PKTLEN 00000005 
# 
# PKT_DIFF (RC) : HdrLen = 3
# PKT_DIFF (RC) : Hdr[0] => Rx = 60000001, Exp = 60000001
# PKT_DIFF (RC) : Hdr[1] => Rx = 010000ff, Exp = 010000ff
# PKT_DIFF (RC) : Header Matched
# PKT_DIFF (RC) : PktLen => Rx = 5, Tx = 5
# PKT_DIFF (RC) : Payload[3] => Rx = 56780000, Tx = 56780000
[80264] EP -> RC Packet 00000009 Data Compare passed! 
# 
# PKT_DIFF (RC) : Matched = 1, Passed = 1
# 81093: pex_tb.PEX_RC.rc_rx_cmd_mem MemWr 0x42000001 @Addr = 0x04d
# 81101: pex_tb.PEX_RC.rc_rx_cmd_mem MemWr 0x0100000f @Addr = 0x04e
# 81109: pex_tb.PEX_RC.rc_rx_cmd_mem MemWr 0xabcdef10 @Addr = 0x04f
# 81117: pex_tb.PEX_RC.rc_rx_cmd_mem MemWr 0x967a0a2c @Addr = 0x050
[81120] INFO:  EP -> RC Packet a Data Compare Start! RC MEM SADR : 0000004d RC PKTLEN 00000004 
# 
# PKT_DIFF (RC) : HdrLen = 4
# PKT_DIFF (RC) : Hdr[0] => Rx = 42000001, Exp = 42000001
# PKT_DIFF (RC) : Hdr[1] => Rx = 0100000f, Exp = 0100000f
# PKT_DIFF (RC) : Hdr[2] => Rx = abcdef10, Exp = abcdef10
# PKT_DIFF (RC) : Header Matched
# PKT_DIFF (RC) : PktLen => Rx = 4, Tx = 4
[81120] EP -> RC Packet 0000000a Data Compare passed! 
# 
# PKT_DIFF (RC) : Matched = 1, Passed = 1
[83972] Preparing the IO Packet Header hdw0: 02000001 hdw1: 0100000f hdw2: abcdef10 
# 
[84060] EP  Initializing ep_tx_pkt_len_array single index b => hlen 3 dlen 0 hlen+dlen 3
# 85285: pex_tb.PEX_RC.rc_rx_cmd_mem MemWr 0x02000001 @Addr = 0x051
# 85293: pex_tb.PEX_RC.rc_rx_cmd_mem MemWr 0x0100000f @Addr = 0x052
# 85301: pex_tb.PEX_RC.rc_rx_cmd_mem MemWr 0xabcdef10 @Addr = 0x053
[85304] INFO:  EP -> RC Packet b Data Compare Start! RC MEM SADR : 00000051 RC PKTLEN 00000003 
# 
# PKT_DIFF (RC) : HdrLen = 4
# PKT_DIFF (RC) : Hdr[0] => Rx = 02000001, Exp = 02000001
# PKT_DIFF (RC) : Hdr[1] => Rx = 0100000f, Exp = 0100000f
# PKT_DIFF (RC) : Hdr[2] => Rx = abcdef10, Exp = abcdef10
# PKT_DIFF (RC) : Header Matched
# PKT_DIFF (RC) : PktLen => Rx = 3, Tx = 3
[85304] EP -> RC Packet 0000000b Data Compare passed! 
# 
# PKT_DIFF (RC) : Matched = 1, Passed = 1
[88868] Preparing the MSG  Packet Header hdw0: 34000000 hdw1: 01000020 hdw2: 00000000 hdw3: 00000000 
# 
[88964] EP  Initializing ep_tx_pkt_len_array single index c => hlen 4 dlen 0 hlen+dlen 4
[88972] Preparing the MSG  Packet Header hdw0: 34000000 hdw1: 01000021 hdw2: 00000000 hdw3: 00000000 
# 
[89076] EP  Initializing ep_tx_pkt_len_array single index d => hlen 4 dlen 0 hlen+dlen 4
[89084] Preparing the MSG  Packet Header hdw0: 34000000 hdw1: 01000022 hdw2: 00000000 hdw3: 00000000 
# 
[89188] EP  Initializing ep_tx_pkt_len_array single index e => hlen 4 dlen 0 hlen+dlen 4
[89196] Preparing the MSG  Packet Header hdw0: 34000000 hdw1: 01000023 hdw2: 00000000 hdw3: 00000000 
# 
[89300] EP  Initializing ep_tx_pkt_len_array single index f => hlen 4 dlen 0 hlen+dlen 4
[89308] Preparing the MSG  Packet Header hdw0: 74000000 hdw1: 01000050 hdw2: 00000000 hdw3: 00000000 
# 
[89412] EP  Initializing ep_tx_pkt_len_array single index 10 => hlen 4 dlen 0 hlen+dlen 4
# 91405: pex_tb.PEX_RC.rc_rx_cmd_mem MemWr 0x34000000 @Addr = 0x054
# 91413: pex_tb.PEX_RC.rc_rx_cmd_mem MemWr 0x01000020 @Addr = 0x055
# 91421: pex_tb.PEX_RC.rc_rx_cmd_mem MemWr 0x00000000 @Addr = 0x056
# 91429: pex_tb.PEX_RC.rc_rx_cmd_mem MemWr 0x00000000 @Addr = 0x057
[91432] INFO:  EP -> RC Packet c Data Compare Start! RC MEM SADR : 00000054 RC PKTLEN 00000004 
# 
# PKT_DIFF (RC) : HdrLen = 4
# PKT_DIFF (RC) : Hdr[0] => Rx = 34000000, Exp = 34000000
# PKT_DIFF (RC) : Hdr[1] => Rx = 01000020, Exp = 01000020
# PKT_DIFF (RC) : Hdr[2] => Rx = 00000000, Exp = 00000000
# PKT_DIFF (RC) : Header Matched
# PKT_DIFF (RC) : PktLen => Rx = 4, Tx = 4
[91432] EP -> RC Packet 0000000c Data Compare passed! 
# 
# PKT_DIFF (RC) : Matched = 1, Passed = 1
# 91613: pex_tb.PEX_RC.rc_rx_cmd_mem MemWr 0x34000000 @Addr = 0x058
# 91621: pex_tb.PEX_RC.rc_rx_cmd_mem MemWr 0x01000021 @Addr = 0x059
# 91629: pex_tb.PEX_RC.rc_rx_cmd_mem MemWr 0x00000000 @Addr = 0x05a
# 91637: pex_tb.PEX_RC.rc_rx_cmd_mem MemWr 0x00000000 @Addr = 0x05b
[91640] INFO:  EP -> RC Packet d Data Compare Start! RC MEM SADR : 00000058 RC PKTLEN 00000004 
# 
# PKT_DIFF (RC) : HdrLen = 3
# PKT_DIFF (RC) : Hdr[0] => Rx = 34000000, Exp = 34000000
# PKT_DIFF (RC) : Hdr[1] => Rx = 01000021, Exp = 01000021
# PKT_DIFF (RC) : Header Matched
# PKT_DIFF (RC) : PktLen => Rx = 4, Tx = 4
[91640] EP -> RC Packet 0000000d Data Compare passed! 
# 
# PKT_DIFF (RC) : Matched = 1, Passed = 1
# 92181: pex_tb.PEX_RC.rc_rx_cmd_mem MemWr 0x34000000 @Addr = 0x05c
# 92189: pex_tb.PEX_RC.rc_rx_cmd_mem MemWr 0x01000022 @Addr = 0x05d
# 92197: pex_tb.PEX_RC.rc_rx_cmd_mem MemWr 0x00000000 @Addr = 0x05e
# 92205: pex_tb.PEX_RC.rc_rx_cmd_mem MemWr 0x00000000 @Addr = 0x05f
[92208] INFO:  EP -> RC Packet e Data Compare Start! RC MEM SADR : 0000005c RC PKTLEN 00000004 
# 
# PKT_DIFF (RC) : HdrLen = 3
# PKT_DIFF (RC) : Hdr[0] => Rx = 34000000, Exp = 34000000
# PKT_DIFF (RC) : Hdr[1] => Rx = 01000022, Exp = 01000022
# PKT_DIFF (RC) : Header Matched
# PKT_DIFF (RC) : PktLen => Rx = 4, Tx = 4
[92208] EP -> RC Packet 0000000e Data Compare passed! 
# 
# PKT_DIFF (RC) : Matched = 1, Passed = 1
# 93085: pex_tb.PEX_RC.rc_rx_cmd_mem MemWr 0x34000000 @Addr = 0x060
# 93093: pex_tb.PEX_RC.rc_rx_cmd_mem MemWr 0x01000023 @Addr = 0x061
# 93101: pex_tb.PEX_RC.rc_rx_cmd_mem MemWr 0x00000000 @Addr = 0x062
# 93109: pex_tb.PEX_RC.rc_rx_cmd_mem MemWr 0x00000000 @Addr = 0x063
[93112] INFO:  EP -> RC Packet f Data Compare Start! RC MEM SADR : 00000060 RC PKTLEN 00000004 
# 
# PKT_DIFF (RC) : HdrLen = 3
# PKT_DIFF (RC) : Hdr[0] => Rx = 34000000, Exp = 34000000
# PKT_DIFF (RC) : Hdr[1] => Rx = 01000023, Exp = 01000023
# PKT_DIFF (RC) : Header Matched
# PKT_DIFF (RC) : PktLen => Rx = 4, Tx = 4
[93112] EP -> RC Packet 0000000f Data Compare passed! 
# 
# PKT_DIFF (RC) : Matched = 1, Passed = 1
[93420] Preparing the CPL  Packet Header hdw0: 0a000000 hdw1: 01000004 hdw2: 01000000 
# 
[93508] EP  Initializing ep_tx_pkt_len_array single index 11 => hlen 3 dlen 0 hlen+dlen 3
[93516] Preparing the CPL  Packet Header hdw0: 0b000000 hdw1: 01000004 hdw2: 01000000 
# 
[93612] EP  Initializing ep_tx_pkt_len_array single index 12 => hlen 3 dlen 0 hlen+dlen 3
[93620] Preparing the CPL  Packet Header hdw0: 4a000001 hdw1: 01000004 hdw2: 01000000 
# 
[93724] EP  Initializing ep_tx_pkt_len_array single index 13 => hlen 3 dlen 1 hlen+dlen 4
[93732] Preparing the CPL  Packet Header hdw0: 4b000001 hdw1: 01000004 hdw2: 01000000 
# 
[93836] EP  Initializing ep_tx_pkt_len_array single index 14 => hlen 3 dlen 1 hlen+dlen 4
# 95701: pex_tb.PEX_RC.rc_rx_cmd_mem MemWr 0x74000000 @Addr = 0x064
# 95709: pex_tb.PEX_RC.rc_rx_cmd_mem MemWr 0x01000050 @Addr = 0x065
# 95717: pex_tb.PEX_RC.rc_rx_cmd_mem MemWr 0x00000000 @Addr = 0x066
# 95725: pex_tb.PEX_RC.rc_rx_cmd_mem MemWr 0x00000000 @Addr = 0x067
[95728] INFO:  EP -> RC Packet 10 Data Compare Start! RC MEM SADR : 00000064 RC PKTLEN 00000004 
# 
# PKT_DIFF (RC) : HdrLen = 3
# PKT_DIFF (RC) : Hdr[0] => Rx = 74000000, Exp = 74000000
# PKT_DIFF (RC) : Hdr[1] => Rx = 01000050, Exp = 01000050
# PKT_DIFF (RC) : Header Matched
# PKT_DIFF (RC) : PktLen => Rx = 4, Tx = 4
[95728] EP -> RC Packet 00000010 Data Compare passed! 
# 
# PKT_DIFF (RC) : Matched = 1, Passed = 1
# 95885: pex_tb.PEX_RC.rc_rx_cmd_mem MemWr 0x0a000000 @Addr = 0x068
# 95893: pex_tb.PEX_RC.rc_rx_cmd_mem MemWr 0x01000004 @Addr = 0x069
# 95901: pex_tb.PEX_RC.rc_rx_cmd_mem MemWr 0x01000000 @Addr = 0x06a
[95904] INFO:  EP -> RC Packet 11 Data Compare Start! RC MEM SADR : 00000068 RC PKTLEN 00000003 
# 
# PKT_DIFF (RC) : HdrLen = 3
# PKT_DIFF (RC) : Hdr[0] => Rx = 0a000000, Exp = 0a000000
# PKT_DIFF (RC) : Hdr[1] => Rx = 01000004, Exp = 01000004
# PKT_DIFF (RC) : Header Matched
# PKT_DIFF (RC) : PktLen => Rx = 3, Tx = 3
[95904] EP -> RC Packet 00000011 Data Compare passed! 
# 
# PKT_DIFF (RC) : Matched = 1, Passed = 1
# 96061: pex_tb.PEX_RC.rc_rx_cmd_mem MemWr 0x0b000000 @Addr = 0x06b
# 96069: pex_tb.PEX_RC.rc_rx_cmd_mem MemWr 0x01000004 @Addr = 0x06c
# 96077: pex_tb.PEX_RC.rc_rx_cmd_mem MemWr 0x01000000 @Addr = 0x06d
[96080] INFO:  EP -> RC Packet 12 Data Compare Start! RC MEM SADR : 0000006b RC PKTLEN 00000003 
# 
# PKT_DIFF (RC) : HdrLen = 4
# PKT_DIFF (RC) : Hdr[0] => Rx = 0b000000, Exp = 0b000000
# PKT_DIFF (RC) : Hdr[1] => Rx = 01000004, Exp = 01000004
# PKT_DIFF (RC) : Hdr[2] => Rx = 01000000, Exp = 01000000
# PKT_DIFF (RC) : Header Matched
# PKT_DIFF (RC) : PktLen => Rx = 3, Tx = 3
[96080] EP -> RC Packet 00000012 Data Compare passed! 
# 
# PKT_DIFF (RC) : Matched = 1, Passed = 1
# 96693: pex_tb.PEX_RC.rc_rx_cmd_mem MemWr 0x4a000001 @Addr = 0x06e
# 96701: pex_tb.PEX_RC.rc_rx_cmd_mem MemWr 0x01000004 @Addr = 0x06f
# 96709: pex_tb.PEX_RC.rc_rx_cmd_mem MemWr 0x01000000 @Addr = 0x070
# 96717: pex_tb.PEX_RC.rc_rx_cmd_mem MemWr 0xff2f32fe @Addr = 0x071
[96720] INFO:  EP -> RC Packet 13 Data Compare Start! RC MEM SADR : 0000006e RC PKTLEN 00000004 
# 
# PKT_DIFF (RC) : HdrLen = 4
# PKT_DIFF (RC) : Hdr[0] => Rx = 4a000001, Exp = 4a000001
# PKT_DIFF (RC) : Hdr[1] => Rx = 01000004, Exp = 01000004
# PKT_DIFF (RC) : Hdr[2] => Rx = 01000000, Exp = 01000000
# PKT_DIFF (RC) : Header Matched
# PKT_DIFF (RC) : PktLen => Rx = 4, Tx = 4
[96720] EP -> RC Packet 00000013 Data Compare passed! 
# 
# PKT_DIFF (RC) : Matched = 1, Passed = 1
# 100005: pex_tb.PEX_RC.rc_rx_cmd_mem MemWr 0x4b000001 @Addr = 0x072
# 100013: pex_tb.PEX_RC.rc_rx_cmd_mem MemWr 0x01000004 @Addr = 0x073
# 100021: pex_tb.PEX_RC.rc_rx_cmd_mem MemWr 0x01000000 @Addr = 0x074
# 100029: pex_tb.PEX_RC.rc_rx_cmd_mem MemWr 0xff2f32fe @Addr = 0x075
[100032] INFO:  EP -> RC Packet 14 Data Compare Start! RC MEM SADR : 00000072 RC PKTLEN 00000004 
# 
# PKT_DIFF (RC) : HdrLen = 4
# PKT_DIFF (RC) : Hdr[0] => Rx = 4b000001, Exp = 4b000001
# PKT_DIFF (RC) : Hdr[1] => Rx = 01000004, Exp = 01000004
# PKT_DIFF (RC) : Hdr[2] => Rx = 01000000, Exp = 01000000
# PKT_DIFF (RC) : Header Matched
# PKT_DIFF (RC) : PktLen => Rx = 4, Tx = 4
[100032] EP -> RC Packet 00000014 Data Compare passed! 
# 
# PKT_DIFF (RC) : Matched = 1, Passed = 1
# Checking for Left over packets in TX array 
# 
[133844] TEST PASSED 
# 
[173844] Simulation DONE
# 
# ** Note: $finish    : ./../tb/pex_tb.v(315)
#    Time: 175444 ns  Iteration: 0  Instance: /pex_tb
