# vsim -do vsim.do -c -suppress 4029 -novopt pex_tb 
# //  QuestaSim 6.3a Jun 25 2007 Linux 2.4.18-3smp
# //
# //  Copyright 1991-2007 Mentor Graphics Corporation
# //              All Rights Reserved.
# //
# //  THIS WORK CONTAINS TRADE SECRET AND 
# //  PROPRIETARY INFORMATION WHICH IS THE PROPERTY
# //  OF MENTOR GRAPHICS CORPORATION OR ITS LICENSORS
# //  AND IS SUBJECT TO LICENSE TERMS.
# //
# Refreshing /home/anand/pcixp/pcixp_rev1/VlogSim/run/work.pex_tb
# Loading work.pex_tb
# Refreshing /home/anand/pcixp/pcixp_rev1/VlogSim/run/work.PexRc
# Loading work.PexRc
# Refreshing /home/anand/pcixp/pcixp_rev1/VlogSim/run/work.pcixp_rc
# Loading work.pcixp_rc
# Refreshing /home/anand/pcixp/pcixp_rev1/VlogSim/run/work.pcixp_tl
# Loading work.pcixp_tl
# Refreshing /home/anand/pcixp/pcixp_rev1/VlogSim/run/work.tlrx
# Loading work.tlrx
# Refreshing /home/anand/pcixp/pcixp_rev1/VlogSim/run/work.sfMxN
# Loading work.sfMxN
# Refreshing /home/anand/pcixp/pcixp_rev1/VlogSim/run/work.xpmem
# Loading work.xpmem
# Refreshing /home/anand/pcixp/pcixp_rev1/VlogSim/run/work.tltx_arb
# Loading work.tltx_arb
# Refreshing /home/anand/pcixp/pcixp_rev1/VlogSim/run/work.tltx_top
# Loading work.tltx_top
# Refreshing /home/anand/pcixp/pcixp_rev1/VlogSim/run/work.tltx_bridge
# Loading work.tltx_bridge
# Refreshing /home/anand/pcixp/pcixp_rev1/VlogSim/run/work.tltx_router
# Loading work.tltx_router
# Refreshing /home/anand/pcixp/pcixp_rev1/VlogSim/run/work.tltx_tcm
# Loading work.tltx_tcm
# Refreshing /home/anand/pcixp/pcixp_rev1/VlogSim/run/work.tltx_tc
# Loading work.tltx_tc
# Refreshing /home/anand/pcixp/pcixp_rev1/VlogSim/run/work.tltx_vc2tcmap
# Loading work.tltx_vc2tcmap
# Refreshing /home/anand/pcixp/pcixp_rev1/VlogSim/run/work.tltx_fcm
# Loading work.tltx_fcm
# Refreshing /home/anand/pcixp/pcixp_rev1/VlogSim/run/work.tltx_fc
# Loading work.tltx_fc
# Refreshing /home/anand/pcixp/pcixp_rev1/VlogSim/run/work.tltx_assembler
# Loading work.tltx_assembler
# Refreshing /home/anand/pcixp/pcixp_rev1/VlogSim/run/work.lcrc32
# Loading work.lcrc32
# Refreshing /home/anand/pcixp/pcixp_rev1/VlogSim/run/work.pcixp_dll
# Loading work.pcixp_dll
# Refreshing /home/anand/pcixp/pcixp_rev1/VlogSim/run/work.dltx_assembler
# Loading work.dltx_assembler
# Refreshing /home/anand/pcixp/pcixp_rev1/VlogSim/run/work.crc16
# Loading work.crc16
# Refreshing /home/anand/pcixp/pcixp_rev1/VlogSim/run/work.dltx_scheduler
# Loading work.dltx_scheduler
# Refreshing /home/anand/pcixp/pcixp_rev1/VlogSim/run/work.dltx_rty
# Loading work.dltx_rty
# Refreshing /home/anand/pcixp/pcixp_rev1/VlogSim/run/work.dltx_retire
# Loading work.dltx_retire
# Refreshing /home/anand/pcixp/pcixp_rev1/VlogSim/run/work.dltx_tlp
# Loading work.dltx_tlp
# Refreshing /home/anand/pcixp/pcixp_rev1/VlogSim/run/work.dltx_dllp
# Loading work.dltx_dllp
# Refreshing /home/anand/pcixp/pcixp_rev1/VlogSim/run/work.dltx_cntr
# Loading work.dltx_cntr
# Refreshing /home/anand/pcixp/pcixp_rev1/VlogSim/run/work.dlrx_tlp
# Loading work.dlrx_tlp
# Refreshing /home/anand/pcixp/pcixp_rev1/VlogSim/run/work.dlrx_dllp
# Loading work.dlrx_dllp
# Refreshing /home/anand/pcixp/pcixp_rev1/VlogSim/run/work.dlcmsm
# Loading work.dlcmsm
# Refreshing /home/anand/pcixp/pcixp_rev1/VlogSim/run/work.fcinit
# Loading work.fcinit
# Refreshing /home/anand/pcixp/pcixp_rev1/VlogSim/run/work.pcixp_pl
# Loading work.pcixp_pl
# Refreshing /home/anand/pcixp/pcixp_rev1/VlogSim/run/work.pl_ltssm
# Loading work.pl_ltssm
# Refreshing /home/anand/pcixp/pcixp_rev1/VlogSim/run/work.pl_det_ssm
# Loading work.pl_det_ssm
# Refreshing /home/anand/pcixp/pcixp_rev1/VlogSim/run/work.pl_pol_ssm
# Loading work.pl_pol_ssm
# Refreshing /home/anand/pcixp/pcixp_rev1/VlogSim/run/work.pl_l0s_ssm
# Loading work.pl_l0s_ssm
# Refreshing /home/anand/pcixp/pcixp_rev1/VlogSim/run/work.pl_dsb_ssm
# Loading work.pl_dsb_ssm
# Refreshing /home/anand/pcixp/pcixp_rev1/VlogSim/run/work.pl_hrst_ssm
# Loading work.pl_hrst_ssm
# Refreshing /home/anand/pcixp/pcixp_rev1/VlogSim/run/work.pl_cfg_ssm
# Loading work.pl_cfg_ssm
# Refreshing /home/anand/pcixp/pcixp_rev1/VlogSim/run/work.pl_rec_ssm
# Loading work.pl_rec_ssm
# Refreshing /home/anand/pcixp/pcixp_rev1/VlogSim/run/work.pl_framer
# Loading work.pl_framer
# Refreshing /home/anand/pcixp/pcixp_rev1/VlogSim/run/work.pl_scrm
# Loading work.pl_scrm
# Refreshing /home/anand/pcixp/pcixp_rev1/VlogSim/run/work.pl_descrm
# Loading work.pl_descrm
# Refreshing /home/anand/pcixp/pcixp_rev1/VlogSim/run/work.pl_deframer
# Loading work.pl_deframer
# Refreshing /home/anand/pcixp/pcixp_rev1/VlogSim/run/work.pi_cfg
# Loading work.pi_cfg
# Refreshing /home/anand/pcixp/pcixp_rev1/VlogSim/run/work.pi_arbiter
# Loading work.pi_arbiter
# Refreshing /home/anand/pcixp/pcixp_rev1/VlogSim/run/work.pipe8or16
# Loading work.pipe8or16
# Refreshing /home/anand/pcixp/pcixp_rev1/VlogSim/run/work.interface_monitor
# Loading work.interface_monitor
# Refreshing /home/anand/pcixp/pcixp_rev1/VlogSim/run/work.pm_disp
# Loading work.pm_disp
# Refreshing /home/anand/pcixp/pcixp_rev1/VlogSim/run/work.mem_model
# Loading work.mem_model
# Refreshing /home/anand/pcixp/pcixp_rev1/VlogSim/run/work.PexEp
# Loading work.PexEp
# Refreshing /home/anand/pcixp/pcixp_rev1/VlogSim/run/work.pcixp_ep
# Loading work.pcixp_ep
# Refreshing /home/anand/pcixp/pcixp_rev1/VlogSim/run/work.pex_mem_agent
# Loading work.pex_mem_agent
# ** Warning: (vsim-3017) ../../rtl/top/pcixp_dll.v(586): [TFMPC] - Too few port connections. Expected 34, found 33.
#         Region: /pex_tb/PEX_RC/PCIXP_RC/PCIXP_DLL/u_DLTX_CNTR
# ** Warning: (vsim-3017) ../../rtl/top/pcixp_dll.v(586): [TFMPC] - Too few port connections. Expected 34, found 33.
#         Region: /pex_tb/PEX_EP_0/PCIXP_EP/PCIXP_DLL/u_DLTX_CNTR
# do vsim.do 
# resume
# 
# 
# 
# 
# 
# 
# 		 PACKETS GOING FROM EP TO RC 
#  
[60036] Preparing the 64 bit MEM Packet Header hdw0: 21000002 hdw1: 0100000f hdw2: abcd1234 hdw3: 56780000 
[60148] RC  Initializing rc_tx_pkt_len_array single index 0 => hlen 4 dlen 0 hlen+dlen 4
[60148] RC  Loading RC Tx Mem  index 0 addr 0 hdw0 21000002 
[60148] RC  Loading RC Tx Mem  index 0 addr 1 hdw1 100000f 
[60148] RC  Loading RC Tx Mem  index 0 addr 2 hdw2 abcd1234 
[60148] RC  Loading RC Tx Mem  index 0 addr 3 hdw3 56780000 
[60156] Loading EP TX MEM at addr 00000000 Data 3cc1f579 
# 
[60156] Preparing the CPL  Packet Header hdw0: 4a000002 hdw1: 01000008 hdw2: 01000000 
# 
[60156] EP  Initializing ep_tx_pkt_len_array burst index 0 => hlen 3 dlen 2 hlen+dlen 5
[60156] EP  BURST DATA xxxxxxxx at ADDR 00000003  sep_or_data+i beefc0de
[60156] EP  BURST DATA xxxxxxxx at ADDR 00000004  sep_or_data+i beefc0df
# 60949: pex_tb.PEX_EP_0.ep_rx_cmd_mem MemWr 0x21000002 @Addr = 0x000
# 60957: pex_tb.PEX_EP_0.ep_rx_cmd_mem MemWr 0x0100000f @Addr = 0x001
# 60965: pex_tb.PEX_EP_0.ep_rx_cmd_mem MemWr 0xabcd1234 @Addr = 0x002
# 60973: pex_tb.PEX_EP_0.ep_rx_cmd_mem MemWr 0x56780000 @Addr = 0x003
[60976] INFO:  RC -> EP Packet 0 Data Compare Start! EP MEM SADR : 00000000 EP PKTLEN 00000004 
# 
# PKT_DIFF (EP) : HdrLen = 4
# PKT_DIFF (EP) : Hdr[0] => Rx = 21000002, Exp = 21000002
# PKT_DIFF (EP) : Hdr[1] => Rx = 0100000f, Exp = 0100000f
# PKT_DIFF (EP) : Hdr[2] => Rx = abcd1234, Exp = abcd1234
# PKT_DIFF (EP) : Header Matched
# PKT_DIFF (EP) : PktLen => Rx = 4, Tx = 4
[60976] RC -> EP Packet 00000000 Data Compare passed! 
# 
# PKT_DIFF (EP) : Matched = 1, Passed = 1
[64164] Preparing the 32 bit MEM Packet Header hdw0: 01000001  hdw1: 0100000f hdw2: 12345000 
# 
[64252] RC  Initializing rc_tx_pkt_len_array single index 1 => hlen 3 dlen 0 hlen+dlen 3
[64252] RC  Loading RC Tx Mem  index 1 addr 4 hdw0 1000001 
[64252] RC  Loading RC Tx Mem  index 1 addr 5 hdw1 100000f 
[64252] RC  Loading RC Tx Mem  index 1 addr 6 hdw2 12345000 
[64260] Preparing the CPL  Packet Header hdw0: 4a000001 hdw1: 01000002 hdw2: 01000000 
# 
[64260] EP  Initializing ep_tx_pkt_len_array single index 1 => hlen 3 dlen 1 hlen+dlen 4
# 66845: pex_tb.PEX_EP_0.ep_rx_cmd_mem MemWr 0x01000001 @Addr = 0x004
# 66853: pex_tb.PEX_EP_0.ep_rx_cmd_mem MemWr 0x0100000f @Addr = 0x005
# 66861: pex_tb.PEX_EP_0.ep_rx_cmd_mem MemWr 0x12345000 @Addr = 0x006
[66864] INFO:  RC -> EP Packet 1 Data Compare Start! EP MEM SADR : 00000004 EP PKTLEN 00000003 
# 
# PKT_DIFF (EP) : HdrLen = 3
# PKT_DIFF (EP) : Hdr[0] => Rx = 01000001, Exp = 01000001
# PKT_DIFF (EP) : Hdr[1] => Rx = 0100000f, Exp = 0100000f
# PKT_DIFF (EP) : Header Matched
# PKT_DIFF (EP) : PktLen => Rx = 3, Tx = 3
[66864] RC -> EP Packet 00000001 Data Compare passed! 
# 
# PKT_DIFF (EP) : Matched = 1, Passed = 1
[100268] Pkt Count Mismatch EP Transmitted = 0x2  RC Received = 0x0  
# 
# Checking for Left over packets in TX array 
# 
ERROR:  EP PKT 0 NOT MATCHED 
# 
# INFO:  EP PKT saddr 0 pkt_len 5 
# 
[100268] EP Packet Length 5 
# 
[100268] EP Packet Header[0] = 4a000002 
# 
[100268] EP Packet Header[1] = 1000008 
# 
[100268] EP Packet Header[2] = 1000000 
# 
[100268] EP Packet DATA[0] = x 
# 
[100268] EP Packet DATA[1] = x 
# 
ERROR:  EP PKT 1 NOT MATCHED 
# 
# INFO:  EP PKT saddr 5 pkt_len 4 
# 
[100268] EP Packet Length 4 
# 
[100268] EP Packet Header[0] = 4a000001 
# 
[100268] EP Packet Header[1] = 1000002 
# 
[100268] EP Packet Header[2] = 1000000 
# 
[100268] EP Packet DATA[0] = beefc0de 
# 
[100268] TEST FAILED 
# 
[140268] Simulation DONE
# 
# ** Note: $finish    : ./../tb/pex_tb.v(315)
#    Time: 141868 ns  Iteration: 0  Instance: /pex_tb
